1531038499579	geckodriver	INFO	geckodriver 0.20.1
1531038499592	geckodriver	INFO	Listening on 127.0.0.1:49435
1531038500590	mozrunner::runner	INFO	Running command: "/Applications/Firefox.app/Contents/MacOS/firefox-bin" "-marionette" "-profile" "/var/folders/l5/_lnys0s95tvfjps661wgh60m0000gr/T/rust_mozprofile.k8lFKxZ2vZQl"
1531038501322	Marionette	INFO	Enabled via --marionette
2018-07-08 13:58:22.544 plugin-container[916:23209] *** CFMessagePort: bootstrap_register(): failed 1100 (0x44c) 'Permission denied', port = 0x1543b, name = 'com.apple.tsm.portname'
See /usr/include/servers/bootstrap_defs.h for the error codes.
1531038502721	Marionette	INFO	Listening on port 49441
JavaScript error: chrome://marionette/content/server.js, line 337: NS_ERROR_SOCKET_ADDRESS_IN_USE: Component returned failure code: 0x804b0036 (NS_ERROR_SOCKET_ADDRESS_IN_USE) [nsIServerSocket.initSpecialConnection]
1531038502775	Marionette	WARN	TLS certificate errors will be ignored for this session
1531038502806	Marionette	DEBUG	loaded listener.js
2018-07-08 13:58:22.837 firefox-bin[915:23095] *** WARNING: Textured window <ToolbarWindow: 0x114d04680> is getting an implicitly transparent titlebar. This will break when linking against newer SDKs. Use NSWindow's -titlebarAppearsTransparent=YES instead.
1531038503578	Marionette	DEBUG	Received DOM event "beforeunload" for "about:blank"
1531038507908	Marionette	DEBUG	Received DOM event "pagehide" for "about:blank"
1531038507908	Marionette	DEBUG	Received DOM event "unload" for "about:blank"
1531038511696	Marionette	DEBUG	Received DOM event "DOMContentLoaded" for "https://www.zscaler.com/"
1531038513638	Marionette	DEBUG	Received DOM event "DOMContentLoaded" for "https://d28ugnmffgnucw.cloudfront.net/zswidgets/public/speedometer/index.html?source=marketing&classname=mini"
1531038513642	Marionette	DEBUG	Received DOM event "pageshow" for "https://d28ugnmffgnucw.cloudfront.net/zswidgets/public/speedometer/index.html?source=marketing&classname=mini"
1531038513734	Marionette	DEBUG	Received DOM event "DOMContentLoaded" for "https://www.zscaler.com/"
1531038513742	Marionette	DEBUG	Received DOM event "pageshow" for "https://www.zscaler.com/"
1531038514168	Marionette	DEBUG	Received DOM event "DOMContentLoaded" for "https://secure.livechatinc.com/licence/7514791/v2/open_chat.cgi?groups=0&embedded=1&newWebserv=undefined&__lc_vv=2&session_id=S1531038512.a17976da99&server=secure.livechatinc.com#https://www.zscaler.com/"
1531038514170	Marionette	DEBUG	Received DOM event "pageshow" for "https://secure.livechatinc.com/licence/7514791/v2/open_chat.cgi?groups=0&embedded=1&newWebserv=undefined&__lc_vv=2&session_id=S1531038512.a17976da99&server=secure.livechatinc.com#https://www.zscaler.com/"
1531038514664	Marionette	DEBUG	Received DOM event "pageshow" for "https://www.zscaler.com/"
1531038514672	Marionette	INFO	New connections will no longer be accepted
JavaScript error: https://fast.wistia.com/assets/external/E-v1.js, line 23: NS_ERROR_NOT_INITIALIZED: 
1531038643767	geckodriver	INFO	geckodriver 0.20.1
1531038643773	geckodriver	INFO	Listening on 127.0.0.1:49566
1531038644789	mozrunner::runner	INFO	Running command: "/Applications/Firefox.app/Contents/MacOS/firefox-bin" "-marionette" "-profile" "/var/folders/l5/_lnys0s95tvfjps661wgh60m0000gr/T/rust_mozprofile.lslHnMH818xE"
1531038645285	Marionette	INFO	Enabled via --marionette
2018-07-08 14:00:46.331 plugin-container[994:27751] *** CFMessagePort: bootstrap_register(): failed 1100 (0x44c) 'Permission denied', port = 0xab3b, name = 'com.apple.tsm.portname'
See /usr/include/servers/bootstrap_defs.h for the error codes.
1531038646467	Marionette	INFO	Listening on port 49572
JavaScript error: chrome://marionette/content/server.js, line 337: NS_ERROR_SOCKET_ADDRESS_IN_USE: Component returned failure code: 0x804b0036 (NS_ERROR_SOCKET_ADDRESS_IN_USE) [nsIServerSocket.initSpecialConnection]
1531038646543	Marionette	WARN	TLS certificate errors will be ignored for this session
1531038646575	Marionette	DEBUG	loaded listener.js
2018-07-08 14:00:46.608 firefox-bin[993:27636] *** WARNING: Textured window <ToolbarWindow: 0x1132b5680> is getting an implicitly transparent titlebar. This will break when linking against newer SDKs. Use NSWindow's -titlebarAppearsTransparent=YES instead.
1531038647356	Marionette	DEBUG	Received DOM event "beforeunload" for "about:blank"
1531038651657	Marionette	DEBUG	Received DOM event "pagehide" for "about:blank"
1531038651657	Marionette	DEBUG	Received DOM event "unload" for "about:blank"
1531038653424	Marionette	DEBUG	Received DOM event "DOMContentLoaded" for "https://www.zscaler.com/"
1531038654377	Marionette	DEBUG	Received DOM event "DOMContentLoaded" for "https://d28ugnmffgnucw.cloudfront.net/zswidgets/public/speedometer/index.html?source=marketing&classname=mini"
1531038654577	Marionette	DEBUG	Received DOM event "pageshow" for "https://d28ugnmffgnucw.cloudfront.net/zswidgets/public/speedometer/index.html?source=marketing&classname=mini"
1531038655237	Marionette	DEBUG	Received DOM event "DOMContentLoaded" for "https://www.zscaler.com/"
1531038655246	Marionette	DEBUG	Received DOM event "pageshow" for "https://www.zscaler.com/"
1531038655613	Marionette	DEBUG	Received DOM event "DOMContentLoaded" for "https://secure.livechatinc.com/licence/7514791/v2/open_chat.cgi?groups=0&embedded=1&newWebserv=undefined&__lc_vv=2&session_id=S1531038654.f6a9916001&server=secure.livechatinc.com#https://www.zscaler.com/"
1531038655616	Marionette	DEBUG	Received DOM event "pageshow" for "https://secure.livechatinc.com/licence/7514791/v2/open_chat.cgi?groups=0&embedded=1&newWebserv=undefined&__lc_vv=2&session_id=S1531038654.f6a9916001&server=secure.livechatinc.com#https://www.zscaler.com/"
1531038655991	Marionette	DEBUG	Received DOM event "pageshow" for "https://www.zscaler.com/"
1531038655998	Marionette	INFO	New connections will no longer be accepted
IPDL protocol error: Handler returned error code!

###!!! [Parent][DispatchAsyncMessage] Error: PLayerTransaction::Msg_ReleaseLayer Processing error: message was deserialized, but the handler returned false (indicating failure)

IPDL protocol error: Handler returned error code!

###!!! [Parent][DispatchAsyncMessage] Error: PLayerTransaction::Msg_ReleaseLayer Processing error: message was deserialized, but the handler returned false (indicating failure)

IPDL protocol error: Handler returned error code!

###!!! [Parent][DispatchAsyncMessage] Error: PLayerTransaction::Msg_ReleaseLayer Processing error: message was deserialized, but the handler returned false (indicating failure)

IPDL protocol error: Handler returned error code!

###!!! [Parent][DispatchAsyncMessage] Error: PLayerTransaction::Msg_ReleaseLayer Processing error: message was deserialized, but the handler returned false (indicating failure)

IPDL protocol error: Handler returned error code!

###!!! [Parent][DispatchAsyncMessage] Error: PLayerTransaction::Msg_ReleaseLayer Processing error: message was deserialized, but the handler returned false (indicating failure)

IPDL protocol error: Handler returned error code!

###!!! [Parent][DispatchAsyncMessage] Error: PLayerTransaction::Msg_ReleaseLayer Processing error: message was deserialized, but the handler returned false (indicating failure)

IPDL protocol error: Handler returned error code!

###!!! [Parent][DispatchAsyncMessage] Error: PLayerTransaction::Msg_ReleaseLayer Processing error: message was deserialized, but the handler returned false (indicating failure)

IPDL protocol error: Handler returned error code!

###!!! [Parent][DispatchAsyncMessage] Error: PLayerTransaction::Msg_ReleaseLayer Processing error: message was deserialized, but the handler returned false (indicating failure)

JavaScript error: https://fast.wistia.com/assets/external/E-v1.js, line 23: NS_ERROR_NOT_INITIALIZED: 
1531038747408	geckodriver	INFO	geckodriver 0.20.1
1531038747414	geckodriver	INFO	Listening on 127.0.0.1:49686
1531038748429	mozrunner::runner	INFO	Running command: "/Applications/Firefox.app/Contents/MacOS/firefox-bin" "-marionette" "-profile" "/var/folders/l5/_lnys0s95tvfjps661wgh60m0000gr/T/rust_mozprofile.lm2HmLReQTY6"
1531038748933	Marionette	INFO	Enabled via --marionette
2018-07-08 14:02:29.981 plugin-container[1028:30840] *** CFMessagePort: bootstrap_register(): failed 1100 (0x44c) 'Permission denied', port = 0x15337, name = 'com.apple.tsm.portname'
See /usr/include/servers/bootstrap_defs.h for the error codes.
1531038750123	Marionette	INFO	Listening on port 49692
JavaScript error: chrome://marionette/content/server.js, line 337: NS_ERROR_SOCKET_ADDRESS_IN_USE: Component returned failure code: 0x804b0036 (NS_ERROR_SOCKET_ADDRESS_IN_USE) [nsIServerSocket.initSpecialConnection]
1531038750199	Marionette	WARN	TLS certificate errors will be ignored for this session
1531038750229	Marionette	DEBUG	loaded listener.js
2018-07-08 14:02:30.259 firefox-bin[1027:30723] *** WARNING: Textured window <ToolbarWindow: 0x110619680> is getting an implicitly transparent titlebar. This will break when linking against newer SDKs. Use NSWindow's -titlebarAppearsTransparent=YES instead.
1531038751025	Marionette	DEBUG	Received DOM event "beforeunload" for "about:blank"
1531038752865	Marionette	DEBUG	Received DOM event "pagehide" for "about:blank"
1531038752865	Marionette	DEBUG	Received DOM event "unload" for "about:blank"
1531038754730	Marionette	DEBUG	Received DOM event "DOMContentLoaded" for "https://www.zscaler.com/"
1531038755587	Marionette	DEBUG	Received DOM event "DOMContentLoaded" for "https://d28ugnmffgnucw.cloudfront.net/zswidgets/public/speedometer/index.html?source=marketing&classname=mini"
1531038755862	Marionette	DEBUG	Received DOM event "pageshow" for "https://d28ugnmffgnucw.cloudfront.net/zswidgets/public/speedometer/index.html?source=marketing&classname=mini"
1531038756543	Marionette	DEBUG	Received DOM event "DOMContentLoaded" for "https://www.zscaler.com/"
1531038756552	Marionette	DEBUG	Received DOM event "pageshow" for "https://www.zscaler.com/"
1531038756909	Marionette	DEBUG	Received DOM event "DOMContentLoaded" for "https://secure.livechatinc.com/licence/7514791/v2/open_chat.cgi?groups=0&embedded=1&newWebserv=undefined&__lc_vv=2&session_id=S1531038755.205cd8753b&server=secure.livechatinc.com#https://www.zscaler.com/"
1531038756912	Marionette	DEBUG	Received DOM event "pageshow" for "https://secure.livechatinc.com/licence/7514791/v2/open_chat.cgi?groups=0&embedded=1&newWebserv=undefined&__lc_vv=2&session_id=S1531038755.205cd8753b&server=secure.livechatinc.com#https://www.zscaler.com/"
1531038757273	Marionette	DEBUG	Received DOM event "pageshow" for "https://www.zscaler.com/"
1531038757294	Marionette	INFO	New connections will no longer be accepted
IPDL protocol error: Handler returned error code!

###!!! [Parent][DispatchAsyncMessage] Error: PLayerTransaction::Msg_ReleaseLayer Processing error: message was deserialized, but the handler returned false (indicating failure)

IPDL protocol error: Handler returned error code!

###!!! [Parent][DispatchAsyncMessage] Error: PLayerTransaction::Msg_ReleaseLayer Processing error: message was deserialized, but the handler returned false (indicating failure)

IPDL protocol error: Handler returned error code!

###!!! [Parent][DispatchAsyncMessage] Error: PLayerTransaction::Msg_ReleaseLayer Processing error: message was deserialized, but the handler returned false (indicating failure)

IPDL protocol error: Handler returned error code!

###!!! [Parent][DispatchAsyncMessage] Error: PLayerTransaction::Msg_ReleaseLayer Processing error: message was deserialized, but the handler returned false (indicating failure)

IPDL protocol error: Handler returned error code!

###!!! [Parent][DispatchAsyncMessage] Error: PLayerTransaction::Msg_ReleaseLayer Processing error: message was deserialized, but the handler returned false (indicating failure)

IPDL protocol error: Handler returned error code!

###!!! [Parent][DispatchAsyncMessage] Error: PLayerTransaction::Msg_ReleaseLayer Processing error: message was deserialized, but the handler returned false (indicating failure)

IPDL protocol error: Handler returned error code!

###!!! [Parent][DispatchAsyncMessage] Error: PLayerTransaction::Msg_ReleaseLayer Processing error: message was deserialized, but the handler returned false (indicating failure)

IPDL protocol error: Handler returned error code!

###!!! [Parent][DispatchAsyncMessage] Error: PLayerTransaction::Msg_ReleaseLayer Processing error: message was deserialized, but the handler returned false (indicating failure)

JavaScript error: https://fast.wistia.com/assets/external/E-v1.js, line 23: NS_ERROR_NOT_INITIALIZED: 
1531044534217	geckodriver	INFO	geckodriver 0.20.1
1531044534223	geckodriver	INFO	Listening on 127.0.0.1:50344
1531044537337	mozrunner::runner	INFO	Running command: "/Applications/Firefox.app/Contents/MacOS/firefox-bin" "-marionette" "-profile" "/var/folders/l5/_lnys0s95tvfjps661wgh60m0000gr/T/rust_mozprofile.prdhVzazVnAj"
1531044537849	Marionette	INFO	Enabled via --marionette
2018-07-08 15:38:58.916 plugin-container[2182:168358] *** CFMessagePort: bootstrap_register(): failed 1100 (0x44c) 'Permission denied', port = 0xab3b, name = 'com.apple.tsm.portname'
See /usr/include/servers/bootstrap_defs.h for the error codes.
1531044539121	Marionette	INFO	Listening on port 50349
JavaScript error: chrome://marionette/content/server.js, line 337: NS_ERROR_SOCKET_ADDRESS_IN_USE: Component returned failure code: 0x804b0036 (NS_ERROR_SOCKET_ADDRESS_IN_USE) [nsIServerSocket.initSpecialConnection]
1531044539213	Marionette	WARN	TLS certificate errors will be ignored for this session
1531044539244	Marionette	DEBUG	loaded listener.js
2018-07-08 15:38:59.276 firefox-bin[2181:168238] *** WARNING: Textured window <ToolbarWindow: 0x10e21a680> is getting an implicitly transparent titlebar. This will break when linking against newer SDKs. Use NSWindow's -titlebarAppearsTransparent=YES instead.
1531044540023	Marionette	DEBUG	Received DOM event "beforeunload" for "about:blank"
1531044541435	Marionette	DEBUG	Received DOM event "pagehide" for "about:blank"
1531044541435	Marionette	DEBUG	Received DOM event "unload" for "about:blank"
1531044544533	Marionette	DEBUG	Received DOM event "DOMContentLoaded" for "https://www.zscaler.com/"
1531044545851	Marionette	DEBUG	Received DOM event "DOMContentLoaded" for "https://d28ugnmffgnucw.cloudfront.net/zswidgets/public/speedometer/index.html?source=marketing&classname=mini"
1531044545964	Marionette	DEBUG	Received DOM event "pageshow" for "https://d28ugnmffgnucw.cloudfront.net/zswidgets/public/speedometer/index.html?source=marketing&classname=mini"
1531044547047	Marionette	DEBUG	Received DOM event "DOMContentLoaded" for "https://www.zscaler.com/"
1531044547057	Marionette	DEBUG	Received DOM event "pageshow" for "https://www.zscaler.com/"
1531044547518	Marionette	DEBUG	Received DOM event "DOMContentLoaded" for "https://secure.livechatinc.com/licence/7514791/v2/open_chat.cgi?groups=0&embedded=1&newWebserv=undefined&__lc_vv=2&session_id=S1531044545.f5792552fd&server=secure.livechatinc.com#https://www.zscaler.com/"
1531044547521	Marionette	DEBUG	Received DOM event "pageshow" for "https://secure.livechatinc.com/licence/7514791/v2/open_chat.cgi?groups=0&embedded=1&newWebserv=undefined&__lc_vv=2&session_id=S1531044545.f5792552fd&server=secure.livechatinc.com#https://www.zscaler.com/"
1531044547800	Marionette	DEBUG	Received DOM event "pageshow" for "https://www.zscaler.com/"
1531044547809	Marionette	INFO	New connections will no longer be accepted
JavaScript error: https://fast.wistia.com/assets/external/E-v1.js, line 23: NS_ERROR_NOT_INITIALIZED: 
